<testsuites id="" name="" tests="3" failures="3" skipped="0" errors="0" time="198.55954499999999">
<testsuite name="reasoning-summary.spec.ts" timestamp="2025-09-18T19:46:00.905Z" hostname="chromium" tests="3" failures="3" skipped="0" time="381.561" errors="0">
<testcase name="Reasoning Summary UI › GPT-5 Mini (openai) › shows reasoning panel while streaming and allows toggling after completion" classname="reasoning-summary.spec.ts" time="127.287">
<failure message="reasoning-summary.spec.ts:89:11 shows reasoning panel while streaming and allows toggling after completion" type="FAILURE">
<![CDATA[  [chromium] › reasoning-summary.spec.ts:89:11 › Reasoning Summary UI › GPT-5 Mini (openai) › shows reasoning panel while streaming and allows toggling after completion 

    TimeoutError: page.click: Timeout 45000ms exceeded.
    Call log:
      - waiting for locator('[data-testid="model-option-gpt-5-mini"]')


      83 |         if (await trigger.isVisible()) {
      84 |           await trigger.click();
    > 85 |           await page.click(`[data-testid="model-option-${p.id}"]`);
         |                      ^
      86 |         }
      87 |       });
      88 |
        at /Users/cortex-air/Developer/robo-chat/tests/e2e/reasoning-summary.spec.ts:85:22

    attachment #1: screenshot (image/png) ──────────────────────────────────────────────────────────
    ../../playwright-test-results/reasoning-summary-Reasonin-fe36b-s-toggling-after-completion-chromium/test-failed-1.png
    ────────────────────────────────────────────────────────────────────────────────────────────────

    attachment #2: video (video/webm) ──────────────────────────────────────────────────────────────
    ../../playwright-test-results/reasoning-summary-Reasonin-fe36b-s-toggling-after-completion-chromium/video.webm
    ────────────────────────────────────────────────────────────────────────────────────────────────

    Error Context: ../../playwright-test-results/reasoning-summary-Reasonin-fe36b-s-toggling-after-completion-chromium/error-context.md

    Retry #1 ───────────────────────────────────────────────────────────────────────────────────────

    TimeoutError: page.click: Timeout 45000ms exceeded.
    Call log:
      - waiting for locator('[data-testid="model-option-gpt-5-mini"]')


      83 |         if (await trigger.isVisible()) {
      84 |           await trigger.click();
    > 85 |           await page.click(`[data-testid="model-option-${p.id}"]`);
         |                      ^
      86 |         }
      87 |       });
      88 |
        at /Users/cortex-air/Developer/robo-chat/tests/e2e/reasoning-summary.spec.ts:85:22

    attachment #1: screenshot (image/png) ──────────────────────────────────────────────────────────
    ../../playwright-test-results/reasoning-summary-Reasonin-fe36b-s-toggling-after-completion-chromium-retry1/test-failed-1.png
    ────────────────────────────────────────────────────────────────────────────────────────────────

    attachment #2: video (video/webm) ──────────────────────────────────────────────────────────────
    ../../playwright-test-results/reasoning-summary-Reasonin-fe36b-s-toggling-after-completion-chromium-retry1/video.webm
    ────────────────────────────────────────────────────────────────────────────────────────────────

    Error Context: ../../playwright-test-results/reasoning-summary-Reasonin-fe36b-s-toggling-after-completion-chromium-retry1/error-context.md

    attachment #4: trace (application/zip) ─────────────────────────────────────────────────────────
    ../../playwright-test-results/reasoning-summary-Reasonin-fe36b-s-toggling-after-completion-chromium-retry1/trace.zip
    Usage:

        pnpm exec playwright show-trace ../../playwright-test-results/reasoning-summary-Reasonin-fe36b-s-toggling-after-completion-chromium-retry1/trace.zip

    ────────────────────────────────────────────────────────────────────────────────────────────────
]]>
</failure>
<system-out>
<![CDATA[
[[ATTACHMENT|../playwright-test-results/reasoning-summary-Reasonin-fe36b-s-toggling-after-completion-chromium/test-failed-1.png]]

[[ATTACHMENT|../playwright-test-results/reasoning-summary-Reasonin-fe36b-s-toggling-after-completion-chromium/video.webm]]

[[ATTACHMENT|../playwright-test-results/reasoning-summary-Reasonin-fe36b-s-toggling-after-completion-chromium/error-context.md]]

[[ATTACHMENT|../playwright-test-results/reasoning-summary-Reasonin-fe36b-s-toggling-after-completion-chromium-retry1/test-failed-1.png]]

[[ATTACHMENT|../playwright-test-results/reasoning-summary-Reasonin-fe36b-s-toggling-after-completion-chromium-retry1/video.webm]]

[[ATTACHMENT|../playwright-test-results/reasoning-summary-Reasonin-fe36b-s-toggling-after-completion-chromium-retry1/error-context.md]]

[[ATTACHMENT|../playwright-test-results/reasoning-summary-Reasonin-fe36b-s-toggling-after-completion-chromium-retry1/trace.zip]]
]]>
</system-out>
</testcase>
<testcase name="Reasoning Summary UI › Claude 3 Sonnet (anthropic) › shows reasoning panel while streaming and allows toggling after completion" classname="reasoning-summary.spec.ts" time="127.26">
<failure message="reasoning-summary.spec.ts:89:11 shows reasoning panel while streaming and allows toggling after completion" type="FAILURE">
<![CDATA[  [chromium] › reasoning-summary.spec.ts:89:11 › Reasoning Summary UI › Claude 3 Sonnet (anthropic) › shows reasoning panel while streaming and allows toggling after completion 

    TimeoutError: page.click: Timeout 45000ms exceeded.
    Call log:
      - waiting for locator('[data-testid="model-option-claude-3-sonnet"]')


      83 |         if (await trigger.isVisible()) {
      84 |           await trigger.click();
    > 85 |           await page.click(`[data-testid="model-option-${p.id}"]`);
         |                      ^
      86 |         }
      87 |       });
      88 |
        at /Users/cortex-air/Developer/robo-chat/tests/e2e/reasoning-summary.spec.ts:85:22

    attachment #1: screenshot (image/png) ──────────────────────────────────────────────────────────
    ../../playwright-test-results/reasoning-summary-Reasonin-df288-s-toggling-after-completion-chromium/test-failed-1.png
    ────────────────────────────────────────────────────────────────────────────────────────────────

    attachment #2: video (video/webm) ──────────────────────────────────────────────────────────────
    ../../playwright-test-results/reasoning-summary-Reasonin-df288-s-toggling-after-completion-chromium/video.webm
    ────────────────────────────────────────────────────────────────────────────────────────────────

    Error Context: ../../playwright-test-results/reasoning-summary-Reasonin-df288-s-toggling-after-completion-chromium/error-context.md

    Retry #1 ───────────────────────────────────────────────────────────────────────────────────────

    TimeoutError: page.click: Timeout 45000ms exceeded.
    Call log:
      - waiting for locator('[data-testid="model-option-claude-3-sonnet"]')


      83 |         if (await trigger.isVisible()) {
      84 |           await trigger.click();
    > 85 |           await page.click(`[data-testid="model-option-${p.id}"]`);
         |                      ^
      86 |         }
      87 |       });
      88 |
        at /Users/cortex-air/Developer/robo-chat/tests/e2e/reasoning-summary.spec.ts:85:22

    attachment #1: screenshot (image/png) ──────────────────────────────────────────────────────────
    ../../playwright-test-results/reasoning-summary-Reasonin-df288-s-toggling-after-completion-chromium-retry1/test-failed-1.png
    ────────────────────────────────────────────────────────────────────────────────────────────────

    attachment #2: video (video/webm) ──────────────────────────────────────────────────────────────
    ../../playwright-test-results/reasoning-summary-Reasonin-df288-s-toggling-after-completion-chromium-retry1/video.webm
    ────────────────────────────────────────────────────────────────────────────────────────────────

    Error Context: ../../playwright-test-results/reasoning-summary-Reasonin-df288-s-toggling-after-completion-chromium-retry1/error-context.md

    attachment #4: trace (application/zip) ─────────────────────────────────────────────────────────
    ../../playwright-test-results/reasoning-summary-Reasonin-df288-s-toggling-after-completion-chromium-retry1/trace.zip
    Usage:

        pnpm exec playwright show-trace ../../playwright-test-results/reasoning-summary-Reasonin-df288-s-toggling-after-completion-chromium-retry1/trace.zip

    ────────────────────────────────────────────────────────────────────────────────────────────────
]]>
</failure>
<system-out>
<![CDATA[
[[ATTACHMENT|../playwright-test-results/reasoning-summary-Reasonin-df288-s-toggling-after-completion-chromium/test-failed-1.png]]

[[ATTACHMENT|../playwright-test-results/reasoning-summary-Reasonin-df288-s-toggling-after-completion-chromium/video.webm]]

[[ATTACHMENT|../playwright-test-results/reasoning-summary-Reasonin-df288-s-toggling-after-completion-chromium/error-context.md]]

[[ATTACHMENT|../playwright-test-results/reasoning-summary-Reasonin-df288-s-toggling-after-completion-chromium-retry1/test-failed-1.png]]

[[ATTACHMENT|../playwright-test-results/reasoning-summary-Reasonin-df288-s-toggling-after-completion-chromium-retry1/video.webm]]

[[ATTACHMENT|../playwright-test-results/reasoning-summary-Reasonin-df288-s-toggling-after-completion-chromium-retry1/error-context.md]]

[[ATTACHMENT|../playwright-test-results/reasoning-summary-Reasonin-df288-s-toggling-after-completion-chromium-retry1/trace.zip]]
]]>
</system-out>
</testcase>
<testcase name="Reasoning Summary UI › Gemini 1.5 Pro (google) › shows reasoning panel while streaming and allows toggling after completion" classname="reasoning-summary.spec.ts" time="127.014">
<failure message="reasoning-summary.spec.ts:89:11 shows reasoning panel while streaming and allows toggling after completion" type="FAILURE">
<![CDATA[  [chromium] › reasoning-summary.spec.ts:89:11 › Reasoning Summary UI › Gemini 1.5 Pro (google) › shows reasoning panel while streaming and allows toggling after completion 

    TimeoutError: page.click: Timeout 45000ms exceeded.
    Call log:
      - waiting for locator('[data-testid="model-option-gemini-1.5-pro"]')


      83 |         if (await trigger.isVisible()) {
      84 |           await trigger.click();
    > 85 |           await page.click(`[data-testid="model-option-${p.id}"]`);
         |                      ^
      86 |         }
      87 |       });
      88 |
        at /Users/cortex-air/Developer/robo-chat/tests/e2e/reasoning-summary.spec.ts:85:22

    attachment #1: screenshot (image/png) ──────────────────────────────────────────────────────────
    ../../playwright-test-results/reasoning-summary-Reasonin-bf59f-s-toggling-after-completion-chromium/test-failed-1.png
    ────────────────────────────────────────────────────────────────────────────────────────────────

    attachment #2: video (video/webm) ──────────────────────────────────────────────────────────────
    ../../playwright-test-results/reasoning-summary-Reasonin-bf59f-s-toggling-after-completion-chromium/video.webm
    ────────────────────────────────────────────────────────────────────────────────────────────────

    Error Context: ../../playwright-test-results/reasoning-summary-Reasonin-bf59f-s-toggling-after-completion-chromium/error-context.md

    Retry #1 ───────────────────────────────────────────────────────────────────────────────────────

    TimeoutError: page.click: Timeout 45000ms exceeded.
    Call log:
      - waiting for locator('[data-testid="model-option-gemini-1.5-pro"]')


      83 |         if (await trigger.isVisible()) {
      84 |           await trigger.click();
    > 85 |           await page.click(`[data-testid="model-option-${p.id}"]`);
         |                      ^
      86 |         }
      87 |       });
      88 |
        at /Users/cortex-air/Developer/robo-chat/tests/e2e/reasoning-summary.spec.ts:85:22

    attachment #1: screenshot (image/png) ──────────────────────────────────────────────────────────
    ../../playwright-test-results/reasoning-summary-Reasonin-bf59f-s-toggling-after-completion-chromium-retry1/test-failed-1.png
    ────────────────────────────────────────────────────────────────────────────────────────────────

    attachment #2: video (video/webm) ──────────────────────────────────────────────────────────────
    ../../playwright-test-results/reasoning-summary-Reasonin-bf59f-s-toggling-after-completion-chromium-retry1/video.webm
    ────────────────────────────────────────────────────────────────────────────────────────────────

    Error Context: ../../playwright-test-results/reasoning-summary-Reasonin-bf59f-s-toggling-after-completion-chromium-retry1/error-context.md

    attachment #4: trace (application/zip) ─────────────────────────────────────────────────────────
    ../../playwright-test-results/reasoning-summary-Reasonin-bf59f-s-toggling-after-completion-chromium-retry1/trace.zip
    Usage:

        pnpm exec playwright show-trace ../../playwright-test-results/reasoning-summary-Reasonin-bf59f-s-toggling-after-completion-chromium-retry1/trace.zip

    ────────────────────────────────────────────────────────────────────────────────────────────────
]]>
</failure>
<system-out>
<![CDATA[
[[ATTACHMENT|../playwright-test-results/reasoning-summary-Reasonin-bf59f-s-toggling-after-completion-chromium/test-failed-1.png]]

[[ATTACHMENT|../playwright-test-results/reasoning-summary-Reasonin-bf59f-s-toggling-after-completion-chromium/video.webm]]

[[ATTACHMENT|../playwright-test-results/reasoning-summary-Reasonin-bf59f-s-toggling-after-completion-chromium/error-context.md]]

[[ATTACHMENT|../playwright-test-results/reasoning-summary-Reasonin-bf59f-s-toggling-after-completion-chromium-retry1/test-failed-1.png]]

[[ATTACHMENT|../playwright-test-results/reasoning-summary-Reasonin-bf59f-s-toggling-after-completion-chromium-retry1/video.webm]]

[[ATTACHMENT|../playwright-test-results/reasoning-summary-Reasonin-bf59f-s-toggling-after-completion-chromium-retry1/error-context.md]]

[[ATTACHMENT|../playwright-test-results/reasoning-summary-Reasonin-bf59f-s-toggling-after-completion-chromium-retry1/trace.zip]]
]]>
</system-out>
</testcase>
</testsuite>
</testsuites>